<?xml version="1.0" encoding="UTF-8"?>
<testsuite name="algebra.real.MatrixTests" tests="10" skipped="0" failures="0" errors="0" timestamp="2024-02-01T15:55:02" hostname="bartlomiej-MS-7B17" time="0.026">
  <properties/>
  <testcase name="exception - add matrices with different row counts" classname="algebra.real.MatrixTests" time="0.012"/>
  <testcase name="exception - too large column index" classname="algebra.real.MatrixTests" time="0.0"/>
  <testcase name="string  representation" classname="algebra.real.MatrixTests" time="0.011"/>
  <testcase name="left multiply by scalar" classname="algebra.real.MatrixTests" time="0.0"/>
  <testcase name="matrix multiplication" classname="algebra.real.MatrixTests" time="0.002"/>
  <testcase name="get column" classname="algebra.real.MatrixTests" time="0.0"/>
  <testcase name="exception - negative row index" classname="algebra.real.MatrixTests" time="0.0"/>
  <testcase name="right multiply by scalar" classname="algebra.real.MatrixTests" time="0.0"/>
  <testcase name="exception - multiply matrices with incompatible sizes" classname="algebra.real.MatrixTests" time="0.0"/>
  <testcase name="exception - negative column index" classname="algebra.real.MatrixTests" time="0.0"/>
  <system-out><![CDATA[]]></system-out>
  <system-err><![CDATA[]]></system-err>
</testsuite>
